<?xml version="1.0" encoding="UTF-8"?>
<!-- Generated by org.testng.reporters.JUnitReportReporter -->
<testsuite hostname="G10CHLT003" name="com.arc.testcases.MyBuildings.LEEDfortransit.WasteMeterCreateTest" tests="1" failures="0" timestamp="9 Apr 2017 12:16:04 GMT" time="36.842" errors="0">
  <testcase name="wasteMeterCreateTest" time="36.842" classname="com.arc.testcases.MyBuildings.LEEDfortransit.WasteMeterCreateTest"/>
</testsuite> <!-- com.arc.testcases.MyBuildings.LEEDfortransit.WasteMeterCreateTest -->
