<?xml version="1.0" encoding="UTF-8"?>
<!-- Generated by org.testng.reporters.JUnitReportReporter -->
<testsuite hostname="G10CHLT003" name="com.arc.testcases.MyCommunities.None.AddNewProjectTest" tests="1" failures="0" timestamp="27 Oct 2017 07:50:59 GMT" time="69.169" errors="0">
  <testcase name="addNewProjectTest" time="69.169" classname="com.arc.testcases.MyCommunities.None.AddNewProjectTest"/>
</testsuite> <!-- com.arc.testcases.MyCommunities.None.AddNewProjectTest -->
