<?xml version="1.0" encoding="UTF-8"?>
<!-- Generated by org.testng.reporters.JUnitReportReporter -->
<testsuite hostname="G10GNLT049" name="com.arc.testcases.MyBuildings.LEED.WaterMeterCreateTest" tests="1" failures="0" timestamp="19 Nov 2017 08:04:20 GMT" time="63.240" errors="0">
  <testcase name="waterMeterCreateTest" time="63.240" classname="com.arc.testcases.MyBuildings.LEED.WaterMeterCreateTest"/>
</testsuite> <!-- com.arc.testcases.MyBuildings.LEED.WaterMeterCreateTest -->
