<?xml version="1.0" encoding="UTF-8"?>
<!-- Generated by org.testng.reporters.JUnitReportReporter -->
<testsuite hostname="G10GNLT041" name="com.arc.testcases.MyCommunities.LEEDforCommunities.VerifyAgreementFileDownloadTest" tests="1" failures="0" timestamp="16 Nov 2017 08:02:39 GMT" time="52.959" errors="0">
  <testcase name="verifyAgreementFileDownload" time="52.959" classname="com.arc.testcases.MyCommunities.LEEDforCommunities.VerifyAgreementFileDownloadTest"/>
</testsuite> <!-- com.arc.testcases.MyCommunities.LEEDforCommunities.VerifyAgreementFileDownloadTest -->
