<?xml version="1.0" encoding="UTF-8"?>
<!-- Generated by org.testng.reporters.JUnitReportReporter -->
<testsuite hostname="G10GNLT041" name="com.arc.testcases.MyBuildings.None.AddTeamMemberTest" tests="1" failures="0" timestamp="13 Nov 2017 08:22:18 GMT" time="54.369" errors="0">
  <testcase name="addTeamMemberTest" time="54.369" classname="com.arc.testcases.MyBuildings.None.AddTeamMemberTest"/>
</testsuite> <!-- com.arc.testcases.MyBuildings.None.AddTeamMemberTest -->
