<?xml version="1.0" encoding="UTF-8"?>
<!-- Generated by org.testng.reporters.JUnitReportReporter -->
<testsuite hostname="G10GNLT041" name="com.arc.testcases.MyBuildings.LEED.ModifyOccOptHrsProjectDetailsTest" tests="1" failures="0" timestamp="10 Nov 2017 11:26:09 GMT" time="59.420" errors="0">
  <testcase name="modifyProjectDetailsTest" time="59.420" classname="com.arc.testcases.MyBuildings.LEED.ModifyOccOptHrsProjectDetailsTest"/>
</testsuite> <!-- com.arc.testcases.MyBuildings.LEED.ModifyOccOptHrsProjectDetailsTest -->
