<?xml version="1.0" encoding="UTF-8"?>
<!-- Generated by org.testng.reporters.JUnitReportReporter -->
<testsuite hostname="G10GNLT041" name="com.arc.testcases.MyCities.Other.AddNewProjectTest" tests="1" failures="0" timestamp="15 Nov 2017 11:00:03 GMT" time="55.393" errors="0">
  <testcase name="addNewProject" time="55.393" classname="com.arc.testcases.MyCities.Other.AddNewProjectTest"/>
</testsuite> <!-- com.arc.testcases.MyCities.Other.AddNewProjectTest -->
