<?xml version="1.0" encoding="UTF-8"?>
<!-- Generated by org.testng.reporters.JUnitReportReporter -->
<testsuite hostname="G10GNLT049" name="com.arc.testcases.MyBuildings.LEED.BasePointPdfFileUplaod" tests="1" failures="0" timestamp="19 Nov 2017 08:04:20 GMT" time="118.072" errors="0">
  <testcase name="baseScoreAttemptTest" time="118.072" classname="com.arc.testcases.MyBuildings.LEED.BasePointPdfFileUplaod"/>
</testsuite> <!-- com.arc.testcases.MyBuildings.LEED.BasePointPdfFileUplaod -->
