<?xml version="1.0" encoding="UTF-8"?>
<!-- Generated by org.testng.reporters.JUnitReportReporter -->
<testsuite hostname="G10CHLT003" name="com.arc.testcases.MyBuildings.None.WaterMeterCreateTest" tests="1" failures="0" timestamp="9 Apr 2017 14:10:42 GMT" time="49.999" errors="0">
  <testcase name="waterMeterCreateTest" time="49.999" classname="com.arc.testcases.MyBuildings.None.WaterMeterCreateTest"/>
</testsuite> <!-- com.arc.testcases.MyBuildings.None.WaterMeterCreateTest -->
