<?xml version="1.0" encoding="UTF-8"?>
<!-- Generated by org.testng.reporters.JUnitReportReporter -->
<testsuite hostname="G10GNLT041" name="com.arc.testcases.MyBuildings.None.EnergyMeterCreateTest" tests="1" failures="0" timestamp="13 Nov 2017 08:22:18 GMT" time="64.152" errors="0">
  <testcase name="energyMeterCreateTest" time="64.152" classname="com.arc.testcases.MyBuildings.None.EnergyMeterCreateTest"/>
</testsuite> <!-- com.arc.testcases.MyBuildings.None.EnergyMeterCreateTest -->
