<?xml version="1.0" encoding="UTF-8"?>
<!-- Generated by org.testng.reporters.JUnitReportReporter -->
<testsuite hostname="G10GNLT049" name="com.arc.testcases.MyBuildings.None.LoginCaseTest" tests="1" failures="0" timestamp="19 Nov 2017 09:27:15 GMT" time="20.497" errors="0">
  <testcase name="loginCase" time="20.497" classname="com.arc.testcases.MyBuildings.None.LoginCaseTest"/>
</testsuite> <!-- com.arc.testcases.MyBuildings.None.LoginCaseTest -->
