<?xml version="1.0" encoding="UTF-8"?>
<!-- Generated by org.testng.reporters.JUnitReportReporter -->
<testsuite hostname="G10GNLT041" name="com.arc.testcases.MyCommunities.LEEDforCommunities.PaymentbyCCTest" tests="1" failures="0" timestamp="16 Nov 2017 08:02:39 GMT" time="65.670" errors="0">
  <testcase name="paymentbyCC" time="65.670" classname="com.arc.testcases.MyCommunities.LEEDforCommunities.PaymentbyCCTest"/>
</testsuite> <!-- com.arc.testcases.MyCommunities.LEEDforCommunities.PaymentbyCCTest -->
