<?xml version="1.0" encoding="UTF-8"?>
<!-- Generated by org.testng.reporters.JUnitReportReporter -->
<testsuite hostname="G10GNLT049" name="com.arc.testcases.MyBuildings.Other.AddNewProjectTest" tests="1" failures="0" timestamp="13 Nov 2017 05:48:17 GMT" time="52.463" errors="0">
  <testcase name="addNewProjectTest" time="52.463" classname="com.arc.testcases.MyBuildings.Other.AddNewProjectTest"/>
</testsuite> <!-- com.arc.testcases.MyBuildings.Other.AddNewProjectTest -->
