<?xml version="1.0" encoding="UTF-8"?>
<!-- Generated by org.testng.reporters.JUnitReportReporter -->
<testsuite hostname="G10GNLT041" name="com.arc.testcases.MyCommunities.LEEDforCommunities.SearchProgramTest" tests="1" failures="0" timestamp="16 Nov 2017 08:02:39 GMT" time="23.857" errors="0">
  <testcase name="searchProgram" time="23.857" classname="com.arc.testcases.MyCommunities.LEEDforCommunities.SearchProgramTest"/>
</testsuite> <!-- com.arc.testcases.MyCommunities.LEEDforCommunities.SearchProgramTest -->
