<?xml version="1.0" encoding="UTF-8"?>
<!-- Generated by org.testng.reporters.JUnitReportReporter -->
<testsuite hostname="G10CHLT003" name="com.arc.testcases.MyCommunities.LEEDforCommunities.AddNewProjectTest" tests="1" failures="0" timestamp="27 Oct 2017 07:50:59 GMT" time="69.670" errors="0">
  <testcase name="addNewProjectTest" time="69.670" classname="com.arc.testcases.MyCommunities.LEEDforCommunities.AddNewProjectTest"/>
</testsuite> <!-- com.arc.testcases.MyCommunities.LEEDforCommunities.AddNewProjectTest -->
