<?xml version="1.0" encoding="UTF-8"?>
<!-- Generated by org.testng.reporters.JUnitReportReporter -->
<testsuite hostname="G10GNLT049" name="com.arc.testcases.MyBuildings.LEED.BasePointPdfFileUplaod" tests="1" failures="0" timestamp="9 Nov 2017 16:21:17 GMT" time="255.456" errors="0">
  <testcase name="baseScoreAttemptTest" time="255.456" classname="com.arc.testcases.MyBuildings.LEED.BasePointPdfFileUplaod"/>
</testsuite> <!-- com.arc.testcases.MyBuildings.LEED.BasePointPdfFileUplaod -->
