<?xml version="1.0" encoding="UTF-8"?>
<!-- Generated by org.testng.reporters.JUnitReportReporter -->
<testsuite hostname="G10CHLT003" name="com.arc.testcases.MyCities.LEEDforCities.AddNewProjectTest" tests="1" failures="0" timestamp="13 Oct 2017 08:00:11 GMT" time="39.909" errors="0">
  <testcase name="addNewProjectTest" time="39.909" classname="com.arc.testcases.MyCities.LEEDforCities.AddNewProjectTest"/>
</testsuite> <!-- com.arc.testcases.MyCities.LEEDforCities.AddNewProjectTest -->
