<?xml version="1.0" encoding="UTF-8"?>
<!-- Generated by org.testng.reporters.JUnitReportReporter -->
<testsuite hostname="G10GNLT049" name="com.arc.testcases.MyCities.None.InstallAllAppsTest" tests="1" failures="0" timestamp="15 Nov 2017 07:53:59 GMT" time="53.563" errors="0">
  <testcase name="installAllApps" time="53.563" classname="com.arc.testcases.MyCities.None.InstallAllAppsTest"/>
</testsuite> <!-- com.arc.testcases.MyCities.None.InstallAllAppsTest -->
