<?xml version="1.0" encoding="UTF-8"?>
<!-- Generated by org.testng.reporters.JUnitReportReporter -->
<testsuite hostname="G10GNLT041" name="com.arc.testcases.MyBuildings.None.EditMemberRoleManagerTest" tests="1" failures="0" timestamp="13 Nov 2017 08:22:18 GMT" time="47.818" errors="0">
  <testcase name="editMemberRoleManagerTest" time="47.818" classname="com.arc.testcases.MyBuildings.None.EditMemberRoleManagerTest"/>
</testsuite> <!-- com.arc.testcases.MyBuildings.None.EditMemberRoleManagerTest -->
