<?xml version="1.0" encoding="UTF-8"?>
<!-- Generated by org.testng.reporters.JUnitReportReporter -->
<testsuite hostname="G10GNLT041" name="com.arc.testcases.MyCities.Other.AddTeamMemberTest" tests="1" failures="0" timestamp="15 Nov 2017 11:00:03 GMT" time="41.745" errors="0">
  <testcase name="addTeamMember" time="41.745" classname="com.arc.testcases.MyCities.Other.AddTeamMemberTest"/>
</testsuite> <!-- com.arc.testcases.MyCities.Other.AddTeamMemberTest -->
