<?xml version="1.0" encoding="UTF-8"?>
<!-- Generated by org.testng.reporters.JUnitReportReporter -->
<testsuite hostname="G10GNLT049" name="com.arc.testcases.MyBuildings.LEED.EnergyFileUploadTest" tests="1" failures="0" timestamp="14 Nov 2017 04:22:03 GMT" time="86.877" errors="0">
  <testcase name="energyFileUploadTest" time="86.877" classname="com.arc.testcases.MyBuildings.LEED.EnergyFileUploadTest"/>
</testsuite> <!-- com.arc.testcases.MyBuildings.LEED.EnergyFileUploadTest -->
