<?xml version="1.0" encoding="UTF-8"?>
<!-- Generated by org.testng.reporters.JUnitReportReporter -->
<testsuite hostname="G10GNLT049" name="com.arc.testcases.MyBuildings.None.ClickSearchedProgramTest" tests="1" failures="0" timestamp="19 Nov 2017 09:27:15 GMT" time="88.657" errors="0">
  <testcase name="clickSearchedProgram" time="88.657" classname="com.arc.testcases.MyBuildings.None.ClickSearchedProgramTest"/>
</testsuite> <!-- com.arc.testcases.MyBuildings.None.ClickSearchedProgramTest -->
