<?xml version="1.0" encoding="UTF-8"?>
<!-- Generated by org.testng.reporters.JUnitReportReporter -->
<testsuite hostname="G10GNLT049" name="com.arc.testcases.MyBuildings.LEED.LoginCaseTest" tests="1" failures="0" timestamp="19 Nov 2017 08:04:20 GMT" time="23.394" errors="0">
  <testcase name="loginCaseTest" time="23.394" classname="com.arc.testcases.MyBuildings.LEED.LoginCaseTest"/>
</testsuite> <!-- com.arc.testcases.MyBuildings.LEED.LoginCaseTest -->
