<?xml version="1.0" encoding="UTF-8"?>
<!-- Generated by org.testng.reporters.JUnitReportReporter -->
<testsuite hostname="G10GNLT041" name="com.arc.testcases.MyCommunities.LEEDforCommunities.AddNewProjectTest" tests="1" failures="0" timestamp="16 Nov 2017 08:02:39 GMT" time="174.751" errors="0">
  <testcase name="addNewProject" time="174.751" classname="com.arc.testcases.MyCommunities.LEEDforCommunities.AddNewProjectTest"/>
</testsuite> <!-- com.arc.testcases.MyCommunities.LEEDforCommunities.AddNewProjectTest -->
