<?xml version="1.0" encoding="UTF-8"?>
<!-- Generated by org.testng.reporters.JUnitReportReporter -->
<testsuite hostname="G10GNLT041" name="com.arc.testcases.MyBuildings.LEED.WaterFileUploadTest" tests="1" failures="0" timestamp="10 Nov 2017 11:26:09 GMT" time="54.808" errors="0">
  <testcase name="waterFileUploadTest" time="54.808" classname="com.arc.testcases.MyBuildings.LEED.WaterFileUploadTest"/>
</testsuite> <!-- com.arc.testcases.MyBuildings.LEED.WaterFileUploadTest -->
