<?xml version="1.0" encoding="UTF-8"?>
<!-- Generated by org.testng.reporters.JUnitReportReporter -->
<testsuite hostname="G10GNLT041" name="com.arc.testcases.MyBuildings.None.ProjectFieldVerificationTest" tests="1" failures="0" timestamp="13 Nov 2017 08:22:18 GMT" time="34.516" errors="0">
  <testcase name="projectFieldVerificationTest" time="34.516" classname="com.arc.testcases.MyBuildings.None.ProjectFieldVerificationTest"/>
</testsuite> <!-- com.arc.testcases.MyBuildings.None.ProjectFieldVerificationTest -->
