<?xml version="1.0" encoding="UTF-8"?>
<!-- Generated by org.testng.reporters.JUnitReportReporter -->
<testsuite hostname="G10GNLT049" name="com.arc.testcases.MyBuildings.LEED.PreCertReviewTest" tests="1" failures="0" timestamp="10 Nov 2017 07:24:59 GMT" time="91.785" errors="0">
  <testcase name="waterFileUploadTest" time="91.785" classname="com.arc.testcases.MyBuildings.LEED.PreCertReviewTest"/>
</testsuite> <!-- com.arc.testcases.MyBuildings.LEED.PreCertReviewTest -->
