<?xml version="1.0" encoding="UTF-8"?>
<!-- Generated by org.testng.reporters.JUnitReportReporter -->
<testsuite hostname="G10GNLT049" name="com.arc.testcases.MyBuildings.LEED.LoginCaseTest" tests="1" failures="0" timestamp="23 Nov 2017 14:33:53 GMT" time="25.701" errors="0">
  <testcase name="loginCase" time="25.701" classname="com.arc.testcases.MyBuildings.LEED.LoginCaseTest"/>
</testsuite> <!-- com.arc.testcases.MyBuildings.LEED.LoginCaseTest -->
