<?xml version="1.0" encoding="UTF-8"?>
<!-- Generated by org.testng.reporters.JUnitReportReporter -->
<testsuite hostname="G10GNLT049" name="com.arc.testcases.MyCities.LEEDforCities.ClickSearchedProgramTest" tests="1" failures="0" timestamp="14 Nov 2017 10:12:51 GMT" time="20.846" errors="0">
  <testcase name="clickSearchedProgram" time="20.846" classname="com.arc.testcases.MyCities.LEEDforCities.ClickSearchedProgramTest"/>
</testsuite> <!-- com.arc.testcases.MyCities.LEEDforCities.ClickSearchedProgramTest -->
