<?xml version="1.0" encoding="UTF-8"?>
<!-- Generated by org.testng.reporters.JUnitReportReporter -->
<testsuite hostname="G10GNLT049" name="com.arc.testcases.MyBuildings.LEED.BasePointPdfFileUplaod" tests="1" failures="0" timestamp="23 Nov 2017 08:17:36 GMT" time="116.558" errors="0">
  <testcase name="baseScoreAttempt" time="116.558" classname="com.arc.testcases.MyBuildings.LEED.BasePointPdfFileUplaod"/>
</testsuite> <!-- com.arc.testcases.MyBuildings.LEED.BasePointPdfFileUplaod -->
