<?xml version="1.0" encoding="UTF-8"?>
<!-- Generated by org.testng.reporters.JUnitReportReporter -->
<testsuite hostname="G10CHLT003" name="com.arc.testcases.MyCities.LEEDforCities.SearchProgramTest" tests="1" failures="0" timestamp="17 Apr 2017 10:43:00 GMT" time="25.520" errors="0">
  <testcase name="searchProgramTest" time="25.520" classname="com.arc.testcases.MyCities.LEEDforCities.SearchProgramTest"/>
</testsuite> <!-- com.arc.testcases.MyCities.LEEDforCities.SearchProgramTest -->
