<?xml version="1.0" encoding="UTF-8"?>
<!-- Generated by org.testng.reporters.JUnitReportReporter -->
<testsuite hostname="G10GNLT049" name="com.arc.testcases.MyBuildings.LEED.VerifyPRFileDownloadTest" tests="1" failures="0" timestamp="10 Nov 2017 09:11:46 GMT" time="47.927" errors="0">
  <testcase name="billingStatusVerificationTest" time="47.927" classname="com.arc.testcases.MyBuildings.LEED.VerifyPRFileDownloadTest"/>
</testsuite> <!-- com.arc.testcases.MyBuildings.LEED.VerifyPRFileDownloadTest -->
