<?xml version="1.0" encoding="UTF-8"?>
<!-- Generated by org.testng.reporters.JUnitReportReporter -->
<testsuite hostname="G10GNLT041" name="com.arc.testcases.MyBuildings.LEED.BillingRegistrationAmountVerificationTest" tests="1" failures="0" timestamp="10 Nov 2017 11:26:09 GMT" time="37.880" errors="0">
  <testcase name="billingRegistrationAmountVerificationTest" time="37.880" classname="com.arc.testcases.MyBuildings.LEED.BillingRegistrationAmountVerificationTest"/>
</testsuite> <!-- com.arc.testcases.MyBuildings.LEED.BillingRegistrationAmountVerificationTest -->
