<?xml version="1.0" encoding="UTF-8"?>
<!-- Generated by org.testng.reporters.JUnitReportReporter -->
<testsuite hostname="G10GNLT041" name="com.arc.testcases.MyCities.Other.ClickSearchedProgramTest" tests="1" failures="0" timestamp="15 Nov 2017 11:00:03 GMT" time="31.420" errors="0">
  <testcase name="clickSearchedProgram" time="31.420" classname="com.arc.testcases.MyCities.Other.ClickSearchedProgramTest"/>
</testsuite> <!-- com.arc.testcases.MyCities.Other.ClickSearchedProgramTest -->
