<?xml version="1.0" encoding="UTF-8"?>
<!-- Generated by org.testng.reporters.JUnitReportReporter -->
<testsuite hostname="G10GNLT049" name="com.arc.testcases.MyCities.LEEDforCities.PaymentbyCCTest" tests="1" failures="0" timestamp="14 Nov 2017 10:12:51 GMT" time="57.166" errors="0">
  <testcase name="paymentbyCC" time="57.166" classname="com.arc.testcases.MyCities.LEEDforCities.PaymentbyCCTest"/>
</testsuite> <!-- com.arc.testcases.MyCities.LEEDforCities.PaymentbyCCTest -->
