<?xml version="1.0" encoding="UTF-8"?>
<!-- Generated by org.testng.reporters.JUnitReportReporter -->
<testsuite hostname="G10GNLT049" name="com.arc.testcases.MyBuildings.LEED.ClickSearchedProgramTest" tests="1" failures="0" timestamp="23 Nov 2017 14:33:53 GMT" time="21.324" errors="0">
  <testcase name="clickSearchedProgram" time="21.324" classname="com.arc.testcases.MyBuildings.LEED.ClickSearchedProgramTest"/>
</testsuite> <!-- com.arc.testcases.MyBuildings.LEED.ClickSearchedProgramTest -->
