<?xml version="1.0" encoding="UTF-8"?>
<!-- Generated by org.testng.reporters.JUnitReportReporter -->
<testsuite hostname="G10CHLT003" name="com.arc.testcases.MyBuildings.None.WaterFileUploadTest" tests="1" failures="0" timestamp="9 Apr 2017 14:10:42 GMT" time="43.979" errors="0">
  <testcase name="waterFileUploadTest" time="43.979" classname="com.arc.testcases.MyBuildings.None.WaterFileUploadTest"/>
</testsuite> <!-- com.arc.testcases.MyBuildings.None.WaterFileUploadTest -->
