<?xml version="1.0" encoding="UTF-8"?>
<!-- Generated by org.testng.reporters.JUnitReportReporter -->
<testsuite hostname="G10CHLT003" name="com.arc.testcases.MyBuildings.None.LoginCaseTest" tests="1" failures="0" timestamp="27 Oct 2017 07:50:59 GMT" time="39.263" errors="0">
  <testcase name="loginCaseTest" time="39.263" classname="com.arc.testcases.MyBuildings.None.LoginCaseTest"/>
</testsuite> <!-- com.arc.testcases.MyBuildings.None.LoginCaseTest -->
