<?xml version="1.0" encoding="UTF-8"?>
<!-- Generated by org.testng.reporters.JUnitReportReporter -->
<testsuite hostname="G10GNLT041" name="com.arc.testcases.MyCommunities.None.EditProjectDetailsTest" tests="1" failures="0" timestamp="16 Nov 2017 09:44:56 GMT" time="198.251" errors="0">
  <testcase name="editProjectDetails" time="198.251" classname="com.arc.testcases.MyCommunities.None.EditProjectDetailsTest"/>
</testsuite> <!-- com.arc.testcases.MyCommunities.None.EditProjectDetailsTest -->
