<?xml version="1.0" encoding="UTF-8"?>
<!-- Generated by org.testng.reporters.JUnitReportReporter -->
<testsuite hostname="G10GNLT041" name="com.arc.testcases.MyBuildings.LEED.UnistallAllAppsTest" tests="1" failures="0" timestamp="10 Nov 2017 11:26:09 GMT" time="56.575" errors="0">
  <testcase name="installAllAppsTest" time="56.575" classname="com.arc.testcases.MyBuildings.LEED.UnistallAllAppsTest"/>
</testsuite> <!-- com.arc.testcases.MyBuildings.LEED.UnistallAllAppsTest -->
