<?xml version="1.0" encoding="UTF-8"?>
<!-- Generated by org.testng.reporters.JUnitReportReporter -->
<testsuite hostname="G10GNLT041" name="com.arc.testcases.MyCities.Other.VerifyAgreementFileDownloadTest" tests="1" failures="0" timestamp="15 Nov 2017 11:00:03 GMT" time="48.717" errors="0">
  <testcase name="verifyAgreementFileDownload" time="48.717" classname="com.arc.testcases.MyCities.Other.VerifyAgreementFileDownloadTest"/>
</testsuite> <!-- com.arc.testcases.MyCities.Other.VerifyAgreementFileDownloadTest -->
