<?xml version="1.0" encoding="UTF-8"?>
<!-- Generated by org.testng.reporters.JUnitReportReporter -->
<testsuite hostname="G10GNLT049" name="com.arc.testcases.MyCities.None.ClickSearchedProgramTest" tests="1" failures="0" timestamp="15 Nov 2017 07:53:59 GMT" time="29.038" errors="0">
  <testcase name="clickSearchedProgram" time="29.038" classname="com.arc.testcases.MyCities.None.ClickSearchedProgramTest"/>
</testsuite> <!-- com.arc.testcases.MyCities.None.ClickSearchedProgramTest -->
