<?xml version="1.0" encoding="UTF-8"?>
<!-- Generated by org.testng.reporters.JUnitReportReporter -->
<testsuite hostname="G10GNLT041" name="com.arc.testcases.MyCommunities.None.ProjectDetailsVerificationTest" tests="1" failures="0" timestamp="16 Nov 2017 09:44:56 GMT" time="39.093" errors="0">
  <testcase name="projectDetailsVerification" time="39.093" classname="com.arc.testcases.MyCommunities.None.ProjectDetailsVerificationTest"/>
</testsuite> <!-- com.arc.testcases.MyCommunities.None.ProjectDetailsVerificationTest -->
