<?xml version="1.0" encoding="UTF-8"?>
<!-- Generated by org.testng.reporters.JUnitReportReporter -->
<testsuite hostname="G10GNLT049" name="com.arc.testcases.MyCities.LEEDforCities.AddTeamMemberTest" tests="1" failures="0" timestamp="14 Nov 2017 10:12:51 GMT" time="36.291" errors="0">
  <testcase name="addTeamMember" time="36.291" classname="com.arc.testcases.MyCities.LEEDforCities.AddTeamMemberTest"/>
</testsuite> <!-- com.arc.testcases.MyCities.LEEDforCities.AddTeamMemberTest -->
