<?xml version="1.0" encoding="UTF-8"?>
<!-- Generated by org.testng.reporters.JUnitReportReporter -->
<testsuite hostname="G10CHLT003" name="com.arc.testcases.MyBuildings.None.WasteMeterCreateTest" tests="1" failures="0" timestamp="9 Apr 2017 14:10:42 GMT" time="34.404" errors="0">
  <testcase name="wasteMeterCreateTest" time="34.404" classname="com.arc.testcases.MyBuildings.None.WasteMeterCreateTest"/>
</testsuite> <!-- com.arc.testcases.MyBuildings.None.WasteMeterCreateTest -->
