<?xml version="1.0" encoding="UTF-8"?>
<!-- Generated by org.testng.reporters.JUnitReportReporter -->
<testsuite hostname="G10GNLT049" name="com.arc.testcases.MyBuildings.LEED.PrerequisitesAttemptTest" tests="1" failures="0" timestamp="9 Nov 2017 16:21:17 GMT" time="136.353" errors="0">
  <testcase name="prerequisitesAttemptTest" time="136.353" classname="com.arc.testcases.MyBuildings.LEED.PrerequisitesAttemptTest"/>
</testsuite> <!-- com.arc.testcases.MyBuildings.LEED.PrerequisitesAttemptTest -->
