<?xml version="1.0" encoding="UTF-8"?>
<!-- Generated by org.testng.reporters.JUnitReportReporter -->
<testsuite hostname="G10GNLT041" name="com.arc.testcases.MyBuildings.None.LoginCaseTest" tests="1" failures="0" timestamp="13 Nov 2017 08:22:18 GMT" time="28.131" errors="0">
  <testcase name="loginCaseTest" time="28.131" classname="com.arc.testcases.MyBuildings.None.LoginCaseTest"/>
</testsuite> <!-- com.arc.testcases.MyBuildings.None.LoginCaseTest -->
