<?xml version="1.0" encoding="UTF-8"?>
<!-- Generated by org.testng.reporters.JUnitReportReporter -->
<testsuite hostname="G10GNLT041" name="com.arc.testcases.MyCommunities.LEEDforCommunities.BillingDateVerificationTest" tests="1" failures="0" timestamp="16 Nov 2017 08:34:08 GMT" time="41.809" errors="0">
  <testcase name="billingDateVerification" time="41.809" classname="com.arc.testcases.MyCommunities.LEEDforCommunities.BillingDateVerificationTest"/>
</testsuite> <!-- com.arc.testcases.MyCommunities.LEEDforCommunities.BillingDateVerificationTest -->
