<?xml version="1.0" encoding="UTF-8"?>
<!-- Generated by org.testng.reporters.JUnitReportReporter -->
<testsuite hostname="G10GNLT041" name="com.arc.testcases.MyCommunities.LEEDforCommunities.EditMemberRoleManagerTest" tests="1" failures="0" timestamp="16 Nov 2017 08:15:43 GMT" time="63.050" errors="0">
  <testcase name="editMemberRoleManager" time="63.050" classname="com.arc.testcases.MyCommunities.LEEDforCommunities.EditMemberRoleManagerTest"/>
</testsuite> <!-- com.arc.testcases.MyCommunities.LEEDforCommunities.EditMemberRoleManagerTest -->
