<?xml version="1.0" encoding="UTF-8"?>
<!-- Generated by org.testng.reporters.JUnitReportReporter -->
<testsuite hostname="G10CHLT003" name="com.arc.testcases.MyBuildings.Parksmart.LoginCaseTest" tests="1" failures="0" timestamp="13 Oct 2017 04:56:37 GMT" time="18.959" errors="0">
  <testcase name="loginCaseTest" time="18.959" classname="com.arc.testcases.MyBuildings.Parksmart.LoginCaseTest"/>
</testsuite> <!-- com.arc.testcases.MyBuildings.Parksmart.LoginCaseTest -->
