<?xml version="1.0" encoding="UTF-8"?>
<!-- Generated by org.testng.reporters.JUnitReportReporter -->
<testsuite hostname="G10CHLT003" name="com.arc.testcases.MyBuildings.LEEDfortransit.AbovegroundAddNewProjectTest" tests="1" failures="0" timestamp="27 Oct 2017 12:48:42 GMT" time="97.020" errors="0">
  <testcase name="addNewProjectTest" time="97.020" classname="com.arc.testcases.MyBuildings.LEEDfortransit.AbovegroundAddNewProjectTest"/>
</testsuite> <!-- com.arc.testcases.MyBuildings.LEEDfortransit.AbovegroundAddNewProjectTest -->
