<?xml version="1.0" encoding="UTF-8"?>
<!-- Generated by org.testng.reporters.JUnitReportReporter -->
<testsuite hostname="G10CHLT003" name="com.arc.testcases.MyBuildings.LEEDfortransit.PrecertificationPayTest" tests="1" failures="0" timestamp="9 Apr 2017 12:16:04 GMT" time="51.453" errors="0">
  <testcase name="precertificationPayTest" time="51.453" classname="com.arc.testcases.MyBuildings.LEEDfortransit.PrecertificationPayTest"/>
</testsuite> <!-- com.arc.testcases.MyBuildings.LEEDfortransit.PrecertificationPayTest -->
