<?xml version="1.0" encoding="UTF-8"?>
<!-- Generated by org.testng.reporters.JUnitReportReporter -->
<testsuite hostname="G10CHLT003" name="com.arc.testcases.MyBuildings.None.BillingDateVerificationTest" tests="1" failures="0" timestamp="9 Apr 2017 14:10:42 GMT" time="23.884" errors="0">
  <testcase name="billingDateVerificationTest" time="23.884" classname="com.arc.testcases.MyBuildings.None.BillingDateVerificationTest"/>
</testsuite> <!-- com.arc.testcases.MyBuildings.None.BillingDateVerificationTest -->
