<?xml version="1.0" encoding="UTF-8"?>
<!-- Generated by org.testng.reporters.JUnitReportReporter -->
<testsuite hostname="G10GNLT049" name="com.arc.testcases.MyBuildings.LEED.ProjectFieldVerificationTest" tests="1" failures="0" timestamp="9 Nov 2017 16:21:17 GMT" time="30.163" errors="0">
  <testcase name="projectFieldVerificationTest" time="30.163" classname="com.arc.testcases.MyBuildings.LEED.ProjectFieldVerificationTest"/>
</testsuite> <!-- com.arc.testcases.MyBuildings.LEED.ProjectFieldVerificationTest -->
