<?xml version="1.0" encoding="UTF-8"?>
<!-- Generated by org.testng.reporters.JUnitReportReporter -->
<testsuite hostname="G10GNLT049" name="com.arc.testcases.MyBuildings.LEED.AddNewProjectTest" tests="1" failures="0" timestamp="24 Nov 2017 06:31:47 GMT" time="62.760" errors="0">
  <testcase name="addNewProject" time="62.760" classname="com.arc.testcases.MyBuildings.LEED.AddNewProjectTest"/>
</testsuite> <!-- com.arc.testcases.MyBuildings.LEED.AddNewProjectTest -->
