<?xml version="1.0" encoding="UTF-8"?>
<!-- Generated by org.testng.reporters.JUnitReportReporter -->
<testsuite hostname="G10GNLT049" name="com.arc.testcases.MyBuildings.LEED.AddNewProjectTest" tests="1" failures="0" timestamp="9 Nov 2017 16:21:17 GMT" time="68.064" errors="0">
  <testcase name="addNewProjectTest" time="68.064" classname="com.arc.testcases.MyBuildings.LEED.AddNewProjectTest"/>
</testsuite> <!-- com.arc.testcases.MyBuildings.LEED.AddNewProjectTest -->
