<?xml version="1.0" encoding="UTF-8"?>
<!-- Generated by org.testng.reporters.JUnitReportReporter -->
<testsuite hostname="G10GNLT041" name="com.arc.testcases.MyBuildings.None.UnistallAllAppsTest" tests="1" failures="0" timestamp="13 Nov 2017 08:22:18 GMT" time="48.729" errors="0">
  <testcase name="installAllAppsTest" time="48.729" classname="com.arc.testcases.MyBuildings.None.UnistallAllAppsTest"/>
</testsuite> <!-- com.arc.testcases.MyBuildings.None.UnistallAllAppsTest -->
