<?xml version="1.0" encoding="UTF-8"?>
<!-- Generated by org.testng.reporters.JUnitReportReporter -->
<testsuite hostname="G10GNLT049" name="com.arc.testcases.MyBuildings.LEED.BillingStatusVerificationTest" tests="1" failures="0" timestamp="10 Nov 2017 07:24:59 GMT" time="50.319" errors="0">
  <testcase name="billingStatusVerificationTest" time="50.319" classname="com.arc.testcases.MyBuildings.LEED.BillingStatusVerificationTest"/>
</testsuite> <!-- com.arc.testcases.MyBuildings.LEED.BillingStatusVerificationTest -->
