<?xml version="1.0" encoding="UTF-8"?>
<!-- Generated by org.testng.reporters.JUnitReportReporter -->
<testsuite hostname="G10GNLT041" name="com.arc.testcases.MyCommunities.LEEDforCommunities.BillingStatusVerificationTest" tests="1" failures="0" timestamp="16 Nov 2017 08:02:39 GMT" time="40.162" errors="0">
  <testcase name="billingStatusVerification" time="40.162" classname="com.arc.testcases.MyCommunities.LEEDforCommunities.BillingStatusVerificationTest"/>
</testsuite> <!-- com.arc.testcases.MyCommunities.LEEDforCommunities.BillingStatusVerificationTest -->
