<?xml version="1.0" encoding="UTF-8"?>
<!-- Generated by org.testng.reporters.JUnitReportReporter -->
<testsuite hostname="G10CHLT003" name="com.arc.testcases.MyBuildings.Parksmart.AddNewProjectTest" tests="1" failures="0" timestamp="27 Oct 2017 12:48:42 GMT" time="76.831" errors="0">
  <testcase name="addNewProjectTest" time="76.831" classname="com.arc.testcases.MyBuildings.Parksmart.AddNewProjectTest"/>
</testsuite> <!-- com.arc.testcases.MyBuildings.Parksmart.AddNewProjectTest -->
