<?xml version="1.0" encoding="UTF-8"?>
<!-- Generated by org.testng.reporters.JUnitReportReporter -->
<testsuite hostname="G10GNLT049" name="com.arc.testcases.MyCities.None.ProjectFieldVerificationTest" tests="1" failures="0" timestamp="15 Nov 2017 07:54:00 GMT" time="75.464" errors="0">
  <testcase name="projectFieldVerification" time="75.464" classname="com.arc.testcases.MyCities.None.ProjectFieldVerificationTest"/>
</testsuite> <!-- com.arc.testcases.MyCities.None.ProjectFieldVerificationTest -->
