<?xml version="1.0" encoding="UTF-8"?>
<!-- Generated by org.testng.reporters.JUnitReportReporter -->
<testsuite hostname="G10CHLT003" name="com.arc.testcases.MyBuildings.None.AddTeamMemberTest" tests="1" failures="0" timestamp="9 Apr 2017 14:10:42 GMT" time="31.416" errors="0">
  <testcase name="addTeamMemberTest" time="31.416" classname="com.arc.testcases.MyBuildings.None.AddTeamMemberTest"/>
</testsuite> <!-- com.arc.testcases.MyBuildings.None.AddTeamMemberTest -->
