<?xml version="1.0" encoding="UTF-8"?>
<!-- Generated by org.testng.reporters.JUnitReportReporter -->
<testsuite hostname="G10CHLT003" name="com.arc.testcases.MyCities.LEEDforCities.LoginCaseTest" tests="1" failures="0" timestamp="17 Apr 2017 10:43:00 GMT" time="30.733" errors="0">
  <testcase name="loginCaseTest" time="30.733" classname="com.arc.testcases.MyCities.LEEDforCities.LoginCaseTest"/>
</testsuite> <!-- com.arc.testcases.MyCities.LEEDforCities.LoginCaseTest -->
