<?xml version="1.0" encoding="UTF-8"?>
<!-- Generated by org.testng.reporters.JUnitReportReporter -->
<testsuite hostname="G10GNLT049" name="com.arc.testcases.MyBuildings.LEED.BasePointPdfFileUplaod" tests="1" failures="0" timestamp="27 Nov 2017 09:33:01 GMT" time="151.812" errors="0">
  <testcase name="baseScoreAttempt" time="151.812" classname="com.arc.testcases.MyBuildings.LEED.BasePointPdfFileUplaod"/>
</testsuite> <!-- com.arc.testcases.MyBuildings.LEED.BasePointPdfFileUplaod -->
