<?xml version="1.0" encoding="UTF-8"?>
<!-- Generated by org.testng.reporters.JUnitReportReporter -->
<testsuite hostname="G10GNLT049" name="com.arc.testcases.MyBuildings.LEED.EditMemberRoleManagerTest" tests="1" failures="0" timestamp="9 Nov 2017 16:21:17 GMT" time="42.208" errors="0">
  <testcase name="editMemberRoleManagerTest" time="42.208" classname="com.arc.testcases.MyBuildings.LEED.EditMemberRoleManagerTest"/>
</testsuite> <!-- com.arc.testcases.MyBuildings.LEED.EditMemberRoleManagerTest -->
