<?xml version="1.0" encoding="UTF-8"?>
<!-- Generated by org.testng.reporters.JUnitReportReporter -->
<testsuite hostname="G10GNLT049" name="com.arc.testcases.MyCities.None.BillingDateVerificationTest" tests="1" failures="0" timestamp="15 Nov 2017 07:53:59 GMT" time="39.239" errors="0">
  <testcase name="billingDateVerificationTest" time="39.239" classname="com.arc.testcases.MyCities.None.BillingDateVerificationTest"/>
</testsuite> <!-- com.arc.testcases.MyCities.None.BillingDateVerificationTest -->
