<?xml version="1.0" encoding="UTF-8"?>
<!-- Generated by org.testng.reporters.JUnitReportReporter -->
<testsuite hostname="G10GNLT041" name="com.arc.testcases.MyBuildings.LEED.WasteMeterCreateTest" tests="1" failures="0" timestamp="10 Nov 2017 11:26:09 GMT" time="66.371" errors="0">
  <testcase name="wasteMeterCreateTest" time="66.371" classname="com.arc.testcases.MyBuildings.LEED.WasteMeterCreateTest"/>
</testsuite> <!-- com.arc.testcases.MyBuildings.LEED.WasteMeterCreateTest -->
