<?xml version="1.0" encoding="UTF-8"?>
<!-- Generated by org.testng.reporters.JUnitReportReporter -->
<testsuite hostname="G10GNLT041" name="com.arc.testcases.MyCities.Other.ProjectFieldVerificationTest" tests="1" failures="0" timestamp="15 Nov 2017 11:00:03 GMT" time="40.660" errors="0">
  <testcase name="projectFieldVerification" time="40.660" classname="com.arc.testcases.MyCities.Other.ProjectFieldVerificationTest"/>
</testsuite> <!-- com.arc.testcases.MyCities.Other.ProjectFieldVerificationTest -->
