<?xml version="1.0" encoding="UTF-8"?>
<!-- Generated by org.testng.reporters.JUnitReportReporter -->
<testsuite hostname="G10GNLT049" name="com.arc.testcases.MyBuildings.LEED.EnergyFileUploadTest" tests="1" failures="0" timestamp="9 Nov 2017 16:21:18 GMT" time="67.563" errors="0">
  <testcase name="energyFileUploadTest" time="67.563" classname="com.arc.testcases.MyBuildings.LEED.EnergyFileUploadTest"/>
</testsuite> <!-- com.arc.testcases.MyBuildings.LEED.EnergyFileUploadTest -->
