<?xml version="1.0" encoding="UTF-8"?>
<!-- Generated by org.testng.reporters.JUnitReportReporter -->
<testsuite hostname="G10GNLT049" name="com.arc.testcases.MyBuildings.LEED.ETotalAnalyticsTest" tests="1" failures="0" timestamp="9 Nov 2017 16:21:17 GMT" time="40.661" errors="0">
  <testcase name="energyTotalAnalyticsTest" time="40.661" classname="com.arc.testcases.MyBuildings.LEED.ETotalAnalyticsTest"/>
</testsuite> <!-- com.arc.testcases.MyBuildings.LEED.ETotalAnalyticsTest -->
