<?xml version="1.0" encoding="UTF-8"?>
<!-- Generated by org.testng.reporters.JUnitReportReporter -->
<testsuite hostname="G10GNLT041" name="com.arc.testcases.MyBuildings.LEED.OtherMeterCreateTest" tests="1" failures="0" timestamp="10 Nov 2017 11:26:09 GMT" time="44.550" errors="0">
  <testcase name="energyOtherMeterCreateTest" time="44.550" classname="com.arc.testcases.MyBuildings.LEED.OtherMeterCreateTest"/>
</testsuite> <!-- com.arc.testcases.MyBuildings.LEED.OtherMeterCreateTest -->
