<?xml version="1.0" encoding="UTF-8"?>
<!-- Generated by org.testng.reporters.JUnitReportReporter -->
<testsuite hostname="G10CHLT003" name="com.arc.testcases.MyBuildings.Other.ClickSearchedProgramTest" tests="1" failures="0" timestamp="6 Nov 2017 12:00:31 GMT" time="71.239" errors="0">
  <testcase name="clickSearchedProgramTest" time="71.239" classname="com.arc.testcases.MyBuildings.Other.ClickSearchedProgramTest"/>
</testsuite> <!-- com.arc.testcases.MyBuildings.Other.ClickSearchedProgramTest -->
