<?xml version="1.0" encoding="UTF-8"?>
<!-- Generated by org.testng.reporters.JUnitReportReporter -->
<testsuite hostname="G10CHLT003" name="com.arc.testcases.MyBuildings.None.AddNewProjectTest" tests="1" failures="0" timestamp="30 Oct 2017 06:24:04 GMT" time="67.611" errors="0">
  <testcase name="addNewProjectTest" time="67.611" classname="com.arc.testcases.MyBuildings.None.AddNewProjectTest"/>
</testsuite> <!-- com.arc.testcases.MyBuildings.None.AddNewProjectTest -->
