<?xml version="1.0" encoding="UTF-8"?>
<!-- Generated by org.testng.reporters.JUnitReportReporter -->
<testsuite hostname="G10GNLT049" name="com.arc.testcases.MyBuildings.LEED.PrerequisitesPdfFileUploadTest" tests="1" failures="0" timestamp="23 Nov 2017 07:31:30 GMT" time="84.594" errors="0">
  <testcase name="prerequisitesAttempt" time="84.594" classname="com.arc.testcases.MyBuildings.LEED.PrerequisitesPdfFileUploadTest"/>
</testsuite> <!-- com.arc.testcases.MyBuildings.LEED.PrerequisitesPdfFileUploadTest -->
