<?xml version="1.0" encoding="UTF-8"?>
<!-- Generated by org.testng.reporters.JUnitReportReporter -->
<testsuite hostname="G10GNLT041" name="com.arc.testcases.MyBuildings.None.AddNewProjectTest" tests="1" failures="0" timestamp="13 Nov 2017 08:22:18 GMT" time="117.110" errors="0">
  <testcase name="addNewProjectTest" time="117.110" classname="com.arc.testcases.MyBuildings.None.AddNewProjectTest"/>
</testsuite> <!-- com.arc.testcases.MyBuildings.None.AddNewProjectTest -->
