<?xml version="1.0" encoding="UTF-8"?>
<!-- Generated by org.testng.reporters.JUnitReportReporter -->
<testsuite hostname="G10GNLT049" name="com.arc.testcases.MyCities.LEEDforCities.AddNewProjectTest" tests="1" failures="0" timestamp="14 Nov 2017 10:12:51 GMT" time="49.140" errors="0">
  <testcase name="addNewProject" time="49.140" classname="com.arc.testcases.MyCities.LEEDforCities.AddNewProjectTest"/>
</testsuite> <!-- com.arc.testcases.MyCities.LEEDforCities.AddNewProjectTest -->
