<?xml version="1.0" encoding="UTF-8"?>
<!-- Generated by org.testng.reporters.JUnitReportReporter -->
<testsuite hostname="G10GNLT049" name="com.arc.testcases.MyBuildings.LEED.InstallAllAppsTest" tests="1" failures="0" timestamp="24 Nov 2017 06:08:30 GMT" time="53.725" errors="0">
  <testcase name="installAllApps" time="53.725" classname="com.arc.testcases.MyBuildings.LEED.InstallAllAppsTest"/>
</testsuite> <!-- com.arc.testcases.MyBuildings.LEED.InstallAllAppsTest -->
