<?xml version="1.0" encoding="UTF-8"?>
<!-- Generated by org.testng.reporters.JUnitReportReporter -->
<testsuite hostname="G10GNLT049" name="com.arc.testcases.MyCities.None.VerifyAgreementFileDownloadTest" tests="1" failures="0" timestamp="15 Nov 2017 07:54:00 GMT" time="60.172" errors="0">
  <testcase name="verifyAgreementFileDownload" time="60.172" classname="com.arc.testcases.MyCities.None.VerifyAgreementFileDownloadTest"/>
</testsuite> <!-- com.arc.testcases.MyCities.None.VerifyAgreementFileDownloadTest -->
