<?xml version="1.0" encoding="UTF-8"?>
<!-- Generated by org.testng.reporters.JUnitReportReporter -->
<testsuite hostname="G10GNLT041" name="com.arc.testcases.MyBuildings.LEED.ETotalAnalyticsTest" tests="1" failures="0" timestamp="10 Nov 2017 11:26:09 GMT" time="40.867" errors="0">
  <testcase name="energyTotalAnalyticsTest" time="40.867" classname="com.arc.testcases.MyBuildings.LEED.ETotalAnalyticsTest"/>
</testsuite> <!-- com.arc.testcases.MyBuildings.LEED.ETotalAnalyticsTest -->
