<?xml version="1.0" encoding="UTF-8"?>
<!-- Generated by org.testng.reporters.JUnitReportReporter -->
<testsuite hostname="G10GNLT049" name="com.arc.testcases.MyCities.LEEDforCities.ProjectFieldVerificationTest" tests="1" failures="0" timestamp="14 Nov 2017 10:12:51 GMT" time="36.593" errors="0">
  <testcase name="projectFieldVerification" time="36.593" classname="com.arc.testcases.MyCities.LEEDforCities.ProjectFieldVerificationTest"/>
</testsuite> <!-- com.arc.testcases.MyCities.LEEDforCities.ProjectFieldVerificationTest -->
