<?xml version="1.0" encoding="UTF-8"?>
<!-- Generated by org.testng.reporters.JUnitReportReporter -->
<testsuite hostname="G10GNLT049" name="com.arc.testcases.MyBuildings.LEED.WasteMeterCreateTest" tests="1" failures="0" timestamp="10 Nov 2017 06:13:24 GMT" time="82.681" errors="0">
  <testcase name="wasteMeterCreateTest" time="82.681" classname="com.arc.testcases.MyBuildings.LEED.WasteMeterCreateTest"/>
</testsuite> <!-- com.arc.testcases.MyBuildings.LEED.WasteMeterCreateTest -->
