<?xml version="1.0" encoding="UTF-8"?>
<!-- Generated by org.testng.reporters.JUnitReportReporter -->
<testsuite hostname="G10CHLT003" name="com.arc.testcases.MyCommunities.Other.AddNewProjectTest" tests="1" failures="0" timestamp="27 Oct 2017 07:50:59 GMT" time="64.332" errors="0">
  <testcase name="addNewProjectTest" time="64.332" classname="com.arc.testcases.MyCommunities.Other.AddNewProjectTest"/>
</testsuite> <!-- com.arc.testcases.MyCommunities.Other.AddNewProjectTest -->
