<?xml version="1.0" encoding="UTF-8"?>
<!-- Generated by org.testng.reporters.JUnitReportReporter -->
<testsuite hostname="G10GNLT041" name="com.arc.testcases.MyBuildings.LEED.AddNewProjectTest" tests="1" failures="0" timestamp="10 Nov 2017 11:26:09 GMT" time="70.524" errors="0">
  <testcase name="addNewProjectTest" time="70.524" classname="com.arc.testcases.MyBuildings.LEED.AddNewProjectTest"/>
</testsuite> <!-- com.arc.testcases.MyBuildings.LEED.AddNewProjectTest -->
