<?xml version="1.0" encoding="UTF-8"?>
<!-- Generated by org.testng.reporters.JUnitReportReporter -->
<testsuite hostname="G10CHLT003" name="com.arc.testcases.MyBuildings.Parksmart.BillingRegistrationAmountVerificationTest" tests="1" failures="0" timestamp="10 Apr 2017 06:03:56 GMT" time="50.693" errors="0">
  <testcase name="billingRegistrationAmountVerificationTest" time="50.693" classname="com.arc.testcases.MyBuildings.Parksmart.BillingRegistrationAmountVerificationTest"/>
</testsuite> <!-- com.arc.testcases.MyBuildings.Parksmart.BillingRegistrationAmountVerificationTest -->
