<?xml version="1.0" encoding="UTF-8"?>
<!-- Generated by org.testng.reporters.JUnitReportReporter -->
<testsuite hostname="G10GNLT041" name="com.arc.testcases.MyBuildings.None.BillingRegistrationAmountVerificationTest" tests="1" failures="0" timestamp="13 Nov 2017 08:22:18 GMT" time="32.313" errors="0">
  <testcase name="billingRegistrationAmountVerificationTest" time="32.313" classname="com.arc.testcases.MyBuildings.None.BillingRegistrationAmountVerificationTest"/>
</testsuite> <!-- com.arc.testcases.MyBuildings.None.BillingRegistrationAmountVerificationTest -->
