<?xml version="1.0" encoding="UTF-8"?>
<!-- Generated by org.testng.reporters.JUnitReportReporter -->
<testsuite hostname="G10GNLT049" name="com.arc.testcases.MyBuildings.LEED.AddNewProjectTest" tests="1" failures="0" timestamp="19 Nov 2017 08:04:20 GMT" time="59.438" errors="0">
  <testcase name="addNewProjectTest" time="59.438" classname="com.arc.testcases.MyBuildings.LEED.AddNewProjectTest"/>
</testsuite> <!-- com.arc.testcases.MyBuildings.LEED.AddNewProjectTest -->
